<?xml version="1.0" encoding="UTF-8"?>
<!--
  ~ Licensed to the Apache Software Foundation (ASF) under one
  ~ or more contributor license agreements. See the NOTICE file
  ~ distributed with this work for additional information
  ~ regarding copyright ownership. The ASF licenses this file
  ~ to you under the Apache License, Version 2.0 (the
  ~ "License"); you may not use this file except in compliance
  ~ with the License. You may obtain a copy of the License at
  ~
  ~ http://www.apache.org/licenses/LICENSE-2.0
  ~
  ~ Unless required by applicable law or agreed to in writing,
  ~ software distributed under the License is distributed on an
  ~ "AS IS" BASIS, WITHOUT WARRANTIES OR CONDITIONS OF ANY
  ~ KIND, either express or implied. See the License for the
  ~ specific language governing permissions and limitations
  ~ under the License.
  -->
<persistence version="2.0" xmlns="http://java.sun.com/xml/ns/persistence">
    <persistence-unit name="test"> 
        <provider>org.eclipse.persistence.jpa.PersistenceProvider</provider>
        <jta-data-source>TestDS</jta-data-source>
        <mapping-file>META-INF/orm.xml</mapping-file>
        <mapping-file>META-INF/custom-orm.xml</mapping-file>
        <properties>
            <property name="eclipselink.ddl-generation" value="drop-and-create-tables"/>
            <property name="eclipselink.logging.level" value="FINE"/>
            <property name="eclipselink.logging.parameters" value="true" /> 
            <property name="eclipselink.deploy-on-startup" value="true" />
        </properties>
    </persistence-unit>
</persistence>
