<?xml version="1.0" encoding="UTF-8"?>
<!--
  ~ Licensed to the Apache Software Foundation (ASF) under one
  ~ or more contributor license agreements. See the NOTICE file
  ~ distributed with this work for additional information
  ~ regarding copyright ownership. The ASF licenses this file
  ~ to you under the Apache License, Version 2.0 (the
  ~ "License"); you may not use this file except in compliance
  ~ with the License. You may obtain a copy of the License at
  ~
  ~ http://www.apache.org/licenses/LICENSE-2.0
  ~
  ~ Unless required by applicable law or agreed to in writing,
  ~ software distributed under the License is distributed on an
  ~ "AS IS" BASIS, WITHOUT WARRANTIES OR CONDITIONS OF ANY
  ~ KIND, either express or implied. See the License for the
  ~ specific language governing permissions and limitations
  ~ under the License.
  -->
<entity-mappings xmlns="http://java.sun.com/xml/ns/persistence/orm"
        xmlns:xsi="http://www.w3.org/2001/XMLSchema-instance" 
        xsi:schemaLocation="http://java.sun.com/xml/ns/persistence/orm http://java.sun.com/xml/ns/persistence/orm_2_0.xsd" version="2.0">

    <package>org.apache.deltaspike.test.jpa.spi.descriptor.xml</package>
    
    <mapped-superclass class="MappedSuperclass">
    </mapped-superclass>
    <mapped-superclass class="MappedId">
        <attributes>
            <id name="id">
                <generated-value />
            </id>
            <version name="version" />
        </attributes>
    </mapped-superclass>
    
    <entity class="MappedOne" name="Mapped_One">
        <attributes>
            <id name="id">
                <generated-value />
            </id>
            <version name="version" />
        </attributes>
    </entity>
    <entity class="org.apache.deltaspike.test.jpa.spi.descriptor.xml.MappedTwo" name="Mapped_Two">
        <id-class class="org.apache.deltaspike.test.jpa.spi.descriptor.xml.TeeId"/>
        <attributes>
            <id name="teeSetId"/>
            <id name="holeId"/>
        </attributes>
    </entity>
    <entity class="MappedThree">
        <table name="mapped_three_table" />
    </entity>
    


</entity-mappings>